2024-12-08 00:02:04,191 - __main__ - INFO - Starting data preprocessing
2024-12-08 00:02:04,191 - __main__ - INFO - Initialized object mapping with 18 objects
2024-12-08 00:02:04,191 - __main__ - INFO - Data processor initialized
2024-12-08 00:02:04,191 - __main__ - INFO - Loading raw data from data/raw_levels.json
2024-12-08 00:02:04,220 - __main__ - INFO - Processing level 0/1000
2024-12-08 00:02:04,222 - __main__ - INFO - Processing level 100/1000
2024-12-08 00:02:04,223 - __main__ - INFO - Processing level 200/1000
2024-12-08 00:02:04,226 - __main__ - INFO - Processing level 300/1000
2024-12-08 00:02:04,228 - __main__ - INFO - Processing level 400/1000
2024-12-08 00:02:04,229 - __main__ - INFO - Processing level 500/1000
2024-12-08 00:02:04,231 - __main__ - INFO - Processing level 600/1000
2024-12-08 00:02:04,233 - __main__ - INFO - Processing level 700/1000
2024-12-08 00:02:04,234 - __main__ - INFO - Processing level 800/1000
2024-12-08 00:02:04,236 - __main__ - INFO - Processing level 900/1000
2024-12-08 00:02:04,242 - __main__ - WARNING - Level 328 has unusual time limit: 302s
2024-12-08 00:02:04,242 - __main__ - WARNING - Level 372 has unusual time limit: 303s
2024-12-08 00:02:04,243 - __main__ - WARNING - Level 442 has unusual time limit: 302s
2024-12-08 00:02:04,450 - __main__ - INFO - Processed 1000 levels
2024-12-08 00:02:04,450 - __main__ - INFO - Saved processed data to data/processed_levels.json
2024-12-08 00:02:04,450 - __main__ - INFO - Saved Unity format to data/processed_levels_unity.json
2024-12-08 00:02:04,450 - __main__ - INFO - Saved statistics to data/dataset_statistics.json
2024-12-08 00:02:04,455 - __main__ - INFO - Data preprocessing completed successfully
