2024-12-08 01:29:19,216 - __main__ - INFO - Using device: mps
2024-12-08 01:29:19,218 - __main__ - INFO - Dataset loaded - Train: 90, Val: 10
2024-12-08 01:29:19,542 - __main__ - INFO - Model initialized with 1012699 parameters
2024-12-08 01:29:19,543 - __main__ - INFO - Starting training
2024-12-08 01:29:20,409 - __main__ - INFO - Epoch 0 - Train Loss: 3.8330 (Recon: 3.1275, KL: 517.5639)
2024-12-08 01:29:20,515 - __main__ - INFO - Epoch 0 - Validation Loss: 182.4676
2024-12-08 01:29:20,665 - __main__ - INFO - New best model saved at epoch 0
2024-12-08 01:29:20,779 - __main__ - INFO - Epoch 1 - Train Loss: 3.6625 (Recon: 2.5233, KL: 313.6714)
2024-12-08 01:29:20,786 - __main__ - INFO - Epoch 1 - Validation Loss: 114.3656
2024-12-08 01:29:20,935 - __main__ - INFO - New best model saved at epoch 1
2024-12-08 01:29:21,046 - __main__ - INFO - Epoch 2 - Train Loss: 3.4263 (Recon: 2.2888, KL: 194.0236)
2024-12-08 01:29:21,053 - __main__ - INFO - Epoch 2 - Validation Loss: 77.9575
2024-12-08 01:29:21,191 - __main__ - INFO - New best model saved at epoch 2
2024-12-08 01:29:21,300 - __main__ - INFO - Epoch 3 - Train Loss: 3.2383 (Recon: 2.1535, KL: 133.2700)
2024-12-08 01:29:21,306 - __main__ - INFO - Epoch 3 - Validation Loss: 63.7724
2024-12-08 01:29:21,439 - __main__ - INFO - New best model saved at epoch 3
2024-12-08 01:29:21,547 - __main__ - INFO - Epoch 4 - Train Loss: 3.1695 (Recon: 2.0102, KL: 110.6902)
2024-12-08 01:29:21,553 - __main__ - INFO - Epoch 4 - Validation Loss: 57.5710
2024-12-08 01:29:21,763 - __main__ - INFO - New best model saved at epoch 4
2024-12-08 01:29:21,870 - __main__ - INFO - Epoch 5 - Train Loss: 3.1570 (Recon: 1.9259, KL: 97.1566)
2024-12-08 01:29:21,876 - __main__ - INFO - Epoch 5 - Validation Loss: 52.1522
2024-12-08 01:29:22,011 - __main__ - INFO - New best model saved at epoch 5
2024-12-08 01:29:22,115 - __main__ - INFO - Epoch 6 - Train Loss: 3.1126 (Recon: 1.8636, KL: 83.7737)
2024-12-08 01:29:22,120 - __main__ - INFO - Epoch 6 - Validation Loss: 46.8780
2024-12-08 01:29:22,253 - __main__ - INFO - New best model saved at epoch 6
2024-12-08 01:29:22,357 - __main__ - INFO - Epoch 7 - Train Loss: 3.0467 (Recon: 1.8014, KL: 72.4988)
2024-12-08 01:29:22,364 - __main__ - INFO - Epoch 7 - Validation Loss: 41.5891
2024-12-08 01:29:22,491 - __main__ - INFO - New best model saved at epoch 7
2024-12-08 01:29:22,599 - __main__ - INFO - Epoch 8 - Train Loss: 2.9671 (Recon: 1.7534, KL: 62.4378)
2024-12-08 01:29:22,605 - __main__ - INFO - Epoch 8 - Validation Loss: 36.0240
2024-12-08 01:29:22,748 - __main__ - INFO - New best model saved at epoch 8
2024-12-08 01:29:22,854 - __main__ - INFO - Epoch 9 - Train Loss: 2.8587 (Recon: 1.7024, KL: 53.2719)
2024-12-08 01:29:22,861 - __main__ - INFO - Epoch 9 - Validation Loss: 31.1031
