2024-12-08 00:04:48,691 - __main__ - INFO - System Information:
2024-12-08 00:04:48,692 - __main__ - INFO - OS: Darwin Darwin Kernel Version 23.6.0: Fri Nov 15 15:12:52 PST 2024; root:xnu-10063.141.1.702.7~1/RELEASE_ARM64_T6031
2024-12-08 00:04:48,692 - __main__ - INFO - Python version: 3.13.0
2024-12-08 00:04:48,692 - __main__ - INFO - PyTorch version: 2.6.0.dev20241207
2024-12-08 00:04:48,697 - __main__ - INFO - CPU: arm
2024-12-08 00:04:48,697 - __main__ - INFO - RAM: 48.00 GB
2024-12-08 00:04:48,697 - __main__ - INFO - Available RAM: 25.09 GB
2024-12-08 00:04:48,707 - __main__ - INFO - Apple Silicon MPS is available
2024-12-08 00:04:48,708 - utils.training_monitor - INFO - Training monitor initialized at logs
2024-12-08 00:04:48,708 - __main__ - INFO - Initializing dataset and dataloader...
2024-12-08 00:04:48,708 - __main__ - INFO - Initializing dataset from data/processed_levels.json
2024-12-08 00:04:48,742 - __main__ - INFO - Loaded 1000 levels from JSON in 0.03s
2024-12-08 00:04:48,742 - __main__ - INFO - Processing levels into layers...
2024-12-08 00:04:48,751 - __main__ - INFO - Dataset initialization completed in 0.04s
2024-12-08 00:04:48,751 - __main__ - INFO - Total samples: 1000
2024-12-08 00:04:48,751 - __main__ - INFO - Initializing model...
2024-12-08 00:04:49,079 - __main__ - INFO - Starting training...
2024-12-08 00:04:50,085 - __main__ - INFO - System metrics: {'cpu_percent': 8.1, 'memory_percent': 48.1, 'memory_used_gb': 22.181961059570312, 'memory_available_gb': 24.912689208984375}
2024-12-08 00:05:36,180 - __main__ - INFO - Epoch 1/100
2024-12-08 00:05:36,182 - __main__ - INFO - Average Loss: 111.8099
2024-12-08 00:05:36,182 - __main__ - INFO - Epoch Time: 47.10s
2024-12-08 00:05:36,182 - __main__ - INFO - Memory Usage: 0.51 GB
2024-12-08 00:05:36,283 - __main__ - INFO - Saved best model checkpoint to models/checkpoints/best_model_epoch_1.pt
2024-12-08 00:05:37,285 - __main__ - INFO - System metrics: {'cpu_percent': 12.5, 'memory_percent': 48.4, 'memory_used_gb': 22.329986572265625, 'memory_available_gb': 24.763748168945312}
