2024-12-08 00:14:58,344 - __main__ - INFO - System Information:
2024-12-08 00:14:58,344 - __main__ - INFO - OS: Darwin Darwin Kernel Version 23.6.0: Fri Nov 15 15:12:52 PST 2024; root:xnu-10063.141.1.702.7~1/RELEASE_ARM64_T6031
2024-12-08 00:14:58,345 - __main__ - INFO - Python version: 3.13.0
2024-12-08 00:14:58,345 - __main__ - INFO - PyTorch version: 2.6.0.dev20241207
2024-12-08 00:14:58,349 - __main__ - INFO - CPU: arm
2024-12-08 00:14:58,349 - __main__ - INFO - CPU Cores: 16
2024-12-08 00:14:58,350 - __main__ - INFO - RAM: 48.00 GB
2024-12-08 00:14:58,350 - __main__ - INFO - Available RAM: 25.86 GB
2024-12-08 00:14:58,360 - __main__ - INFO - Apple Silicon MPS is available
2024-12-08 00:14:58,360 - utils.training_monitor - INFO - Training monitor initialized at logs
2024-12-08 00:14:58,361 - __main__ - INFO - Initializing dataset and dataloader...
2024-12-08 00:14:58,361 - __main__ - INFO - Initializing dataset from data/processed_levels.json
2024-12-08 00:14:58,394 - __main__ - INFO - Loaded 1000 levels from JSON in 0.03s
2024-12-08 00:14:58,394 - __main__ - INFO - Processing levels into layers...
2024-12-08 00:14:58,411 - __main__ - INFO - Dataset initialization completed in 0.05s
2024-12-08 00:14:58,411 - __main__ - INFO - Total samples: 1000
2024-12-08 00:14:58,411 - __main__ - INFO - Initializing model...
2024-12-08 00:14:58,819 - __main__ - INFO - Starting training...
2024-12-08 00:14:59,825 - __main__ - INFO - System metrics: {'cpu_percent': 10.2, 'memory_percent': 46.9, 'memory_used_gb': 21.628219604492188, 'memory_available_gb': 25.472183227539062}
2024-12-08 00:15:14,629 - __main__ - INFO - Epoch 1/100
2024-12-08 00:15:14,629 - __main__ - INFO - Average Loss: nan
2024-12-08 00:15:14,629 - __main__ - INFO - Epoch Time: 15.81s
2024-12-08 00:15:14,629 - __main__ - INFO - Memory Usage: 0.57 GB
2024-12-08 00:15:14,629 - __main__ - INFO - Learning Rate: 0.000085
2024-12-08 00:15:15,635 - __main__ - INFO - System metrics: {'cpu_percent': 4.9, 'memory_percent': 51.5, 'memory_used_gb': 23.828079223632812, 'memory_available_gb': 23.266342163085938}
2024-12-08 00:15:15,855 - __main__ - INFO - Epoch 2/100
2024-12-08 00:15:15,855 - __main__ - INFO - Average Loss: nan
2024-12-08 00:15:15,855 - __main__ - INFO - Epoch Time: 1.23s
2024-12-08 00:15:15,856 - __main__ - INFO - Memory Usage: 0.57 GB
2024-12-08 00:15:15,856 - __main__ - INFO - Learning Rate: 0.000101
2024-12-08 00:15:16,861 - __main__ - INFO - System metrics: {'cpu_percent': 6.4, 'memory_percent': 51.5, 'memory_used_gb': 23.843704223632812, 'memory_available_gb': 23.262054443359375}
2024-12-08 00:15:17,086 - __main__ - INFO - Epoch 3/100
2024-12-08 00:15:17,086 - __main__ - INFO - Average Loss: nan
2024-12-08 00:15:17,086 - __main__ - INFO - Epoch Time: 1.23s
2024-12-08 00:15:17,086 - __main__ - INFO - Memory Usage: 0.57 GB
2024-12-08 00:15:17,086 - __main__ - INFO - Learning Rate: 0.000127
2024-12-08 00:15:18,092 - __main__ - INFO - System metrics: {'cpu_percent': 4.9, 'memory_percent': 51.5, 'memory_used_gb': 23.845245361328125, 'memory_available_gb': 23.257522583007812}
2024-12-08 00:15:18,307 - __main__ - INFO - Epoch 4/100
2024-12-08 00:15:18,307 - __main__ - INFO - Average Loss: nan
2024-12-08 00:15:18,307 - __main__ - INFO - Epoch Time: 1.22s
2024-12-08 00:15:18,307 - __main__ - INFO - Memory Usage: 0.57 GB
2024-12-08 00:15:18,307 - __main__ - INFO - Learning Rate: 0.000164
2024-12-08 00:15:19,312 - __main__ - INFO - System metrics: {'cpu_percent': 5.4, 'memory_percent': 51.6, 'memory_used_gb': 23.850112915039062, 'memory_available_gb': 23.253021240234375}
2024-12-08 00:15:19,512 - __main__ - INFO - Epoch 5/100
2024-12-08 00:15:19,512 - __main__ - INFO - Average Loss: nan
2024-12-08 00:15:19,512 - __main__ - INFO - Epoch Time: 1.20s
2024-12-08 00:15:19,512 - __main__ - INFO - Memory Usage: 0.57 GB
2024-12-08 00:15:19,512 - __main__ - INFO - Learning Rate: 0.000210
2024-12-08 00:15:20,518 - __main__ - INFO - System metrics: {'cpu_percent': 5.1, 'memory_percent': 51.6, 'memory_used_gb': 23.881973266601562, 'memory_available_gb': 23.214813232421875}
2024-12-08 00:15:20,735 - __main__ - INFO - Epoch 6/100
2024-12-08 00:15:20,735 - __main__ - INFO - Average Loss: nan
2024-12-08 00:15:20,735 - __main__ - INFO - Epoch Time: 1.22s
2024-12-08 00:15:20,735 - __main__ - INFO - Memory Usage: 0.57 GB
2024-12-08 00:15:20,735 - __main__ - INFO - Learning Rate: 0.000265
2024-12-08 00:15:21,740 - __main__ - INFO - System metrics: {'cpu_percent': 6.7, 'memory_percent': 51.6, 'memory_used_gb': 23.8839111328125, 'memory_available_gb': 23.212600708007812}
2024-12-08 00:15:21,942 - __main__ - INFO - Epoch 7/100
2024-12-08 00:15:21,942 - __main__ - INFO - Average Loss: nan
2024-12-08 00:15:21,942 - __main__ - INFO - Epoch Time: 1.21s
2024-12-08 00:15:21,942 - __main__ - INFO - Memory Usage: 0.57 GB
2024-12-08 00:15:21,942 - __main__ - INFO - Learning Rate: 0.000329
2024-12-08 00:15:22,948 - __main__ - INFO - System metrics: {'cpu_percent': 4.7, 'memory_percent': 51.6, 'memory_used_gb': 23.88427734375, 'memory_available_gb': 23.211578369140625}
2024-12-08 00:15:23,160 - __main__ - INFO - Epoch 8/100
2024-12-08 00:15:23,160 - __main__ - INFO - Average Loss: nan
2024-12-08 00:15:23,160 - __main__ - INFO - Epoch Time: 1.22s
2024-12-08 00:15:23,160 - __main__ - INFO - Memory Usage: 0.57 GB
2024-12-08 00:15:23,160 - __main__ - INFO - Learning Rate: 0.000400
2024-12-08 00:15:24,165 - __main__ - INFO - System metrics: {'cpu_percent': 5.5, 'memory_percent': 51.6, 'memory_used_gb': 23.852569580078125, 'memory_available_gb': 23.238494873046875}
2024-12-08 00:15:24,371 - __main__ - INFO - Epoch 9/100
2024-12-08 00:15:24,371 - __main__ - INFO - Average Loss: nan
2024-12-08 00:15:24,371 - __main__ - INFO - Epoch Time: 1.21s
2024-12-08 00:15:24,371 - __main__ - INFO - Memory Usage: 0.57 GB
2024-12-08 00:15:24,371 - __main__ - INFO - Learning Rate: 0.000479
2024-12-08 00:15:25,377 - __main__ - INFO - System metrics: {'cpu_percent': 4.8, 'memory_percent': 51.6, 'memory_used_gb': 23.853805541992188, 'memory_available_gb': 23.241012573242188}
2024-12-08 00:15:25,827 - utils.training_monitor - INFO - Training plots saved to logs/plots/training_plots_epoch_10_20241208_001525.png
2024-12-08 00:15:25,827 - __main__ - INFO - Epoch 10/100
2024-12-08 00:15:25,827 - __main__ - INFO - Average Loss: nan
2024-12-08 00:15:25,827 - __main__ - INFO - Epoch Time: 1.21s
2024-12-08 00:15:25,827 - __main__ - INFO - Memory Usage: 0.57 GB
2024-12-08 00:15:25,827 - __main__ - INFO - Learning Rate: 0.000564
2024-12-08 00:15:26,829 - __main__ - INFO - System metrics: {'cpu_percent': 6.6, 'memory_percent': 51.5, 'memory_used_gb': 23.82684326171875, 'memory_available_gb': 23.273757934570312}
2024-12-08 00:15:27,047 - __main__ - INFO - Epoch 11/100
2024-12-08 00:15:27,047 - __main__ - INFO - Average Loss: nan
2024-12-08 00:15:27,047 - __main__ - INFO - Epoch Time: 1.22s
2024-12-08 00:15:27,047 - __main__ - INFO - Memory Usage: 0.63 GB
2024-12-08 00:15:27,048 - __main__ - INFO - Learning Rate: 0.000654
2024-12-08 00:15:28,049 - __main__ - INFO - System metrics: {'cpu_percent': 7.2, 'memory_percent': 51.6, 'memory_used_gb': 23.854782104492188, 'memory_available_gb': 23.23333740234375}
2024-12-08 00:15:28,253 - __main__ - INFO - Epoch 12/100
2024-12-08 00:15:28,253 - __main__ - INFO - Average Loss: nan
2024-12-08 00:15:28,253 - __main__ - INFO - Epoch Time: 1.20s
2024-12-08 00:15:28,253 - __main__ - INFO - Memory Usage: 0.63 GB
2024-12-08 00:15:28,253 - __main__ - INFO - Learning Rate: 0.000748
2024-12-08 00:15:29,254 - __main__ - INFO - System metrics: {'cpu_percent': 6.7, 'memory_percent': 51.7, 'memory_used_gb': 23.893356323242188, 'memory_available_gb': 23.203475952148438}
2024-12-08 00:15:29,457 - __main__ - INFO - Epoch 13/100
2024-12-08 00:15:29,458 - __main__ - INFO - Average Loss: nan
2024-12-08 00:15:29,458 - __main__ - INFO - Epoch Time: 1.20s
2024-12-08 00:15:29,458 - __main__ - INFO - Memory Usage: 0.63 GB
2024-12-08 00:15:29,458 - __main__ - INFO - Learning Rate: 0.000846
2024-12-08 00:15:30,459 - __main__ - INFO - System metrics: {'cpu_percent': 8.9, 'memory_percent': 51.8, 'memory_used_gb': 23.966323852539062, 'memory_available_gb': 23.13134765625}
2024-12-08 00:15:30,672 - __main__ - INFO - Epoch 14/100
2024-12-08 00:15:30,672 - __main__ - INFO - Average Loss: nan
2024-12-08 00:15:30,672 - __main__ - INFO - Epoch Time: 1.21s
2024-12-08 00:15:30,672 - __main__ - INFO - Memory Usage: 0.63 GB
2024-12-08 00:15:30,672 - __main__ - INFO - Learning Rate: 0.000946
2024-12-08 00:15:31,673 - __main__ - INFO - System metrics: {'cpu_percent': 16.5, 'memory_percent': 52.0, 'memory_used_gb': 24.062484741210938, 'memory_available_gb': 23.03607177734375}
2024-12-08 00:15:31,884 - __main__ - INFO - Epoch 15/100
2024-12-08 00:15:31,884 - __main__ - INFO - Average Loss: nan
2024-12-08 00:15:31,884 - __main__ - INFO - Epoch Time: 1.21s
2024-12-08 00:15:31,884 - __main__ - INFO - Memory Usage: 0.63 GB
2024-12-08 00:15:31,884 - __main__ - INFO - Learning Rate: 0.001046
2024-12-08 00:15:32,886 - __main__ - INFO - System metrics: {'cpu_percent': 8.7, 'memory_percent': 52.0, 'memory_used_gb': 24.052886962890625, 'memory_available_gb': 23.039871215820312}
2024-12-08 00:15:33,086 - __main__ - INFO - Epoch 16/100
2024-12-08 00:15:33,086 - __main__ - INFO - Average Loss: nan
2024-12-08 00:15:33,086 - __main__ - INFO - Epoch Time: 1.20s
2024-12-08 00:15:33,086 - __main__ - INFO - Memory Usage: 0.63 GB
2024-12-08 00:15:33,086 - __main__ - INFO - Learning Rate: 0.001147
2024-12-08 00:15:34,088 - __main__ - INFO - System metrics: {'cpu_percent': 9.5, 'memory_percent': 51.9, 'memory_used_gb': 24.023651123046875, 'memory_available_gb': 23.068084716796875}
2024-12-08 00:15:34,303 - __main__ - INFO - Epoch 17/100
2024-12-08 00:15:34,303 - __main__ - INFO - Average Loss: nan
2024-12-08 00:15:34,303 - __main__ - INFO - Epoch Time: 1.22s
2024-12-08 00:15:34,303 - __main__ - INFO - Memory Usage: 0.63 GB
2024-12-08 00:15:34,303 - __main__ - INFO - Learning Rate: 0.001247
2024-12-08 00:15:35,304 - __main__ - INFO - System metrics: {'cpu_percent': 11.0, 'memory_percent': 51.9, 'memory_used_gb': 24.021697998046875, 'memory_available_gb': 23.069473266601562}
2024-12-08 00:15:35,522 - __main__ - INFO - Epoch 18/100
2024-12-08 00:15:35,522 - __main__ - INFO - Average Loss: nan
2024-12-08 00:15:35,522 - __main__ - INFO - Epoch Time: 1.22s
2024-12-08 00:15:35,522 - __main__ - INFO - Memory Usage: 0.63 GB
2024-12-08 00:15:35,522 - __main__ - INFO - Learning Rate: 0.001344
2024-12-08 00:15:36,523 - __main__ - INFO - System metrics: {'cpu_percent': 11.9, 'memory_percent': 51.7, 'memory_used_gb': 23.922119140625, 'memory_available_gb': 23.166122436523438}
2024-12-08 00:15:36,738 - __main__ - INFO - Epoch 19/100
2024-12-08 00:15:36,738 - __main__ - INFO - Average Loss: nan
2024-12-08 00:15:36,738 - __main__ - INFO - Epoch Time: 1.22s
2024-12-08 00:15:36,738 - __main__ - INFO - Memory Usage: 0.63 GB
2024-12-08 00:15:36,738 - __main__ - INFO - Learning Rate: 0.001438
2024-12-08 00:15:37,740 - __main__ - INFO - System metrics: {'cpu_percent': 11.0, 'memory_percent': 51.7, 'memory_used_gb': 23.920089721679688, 'memory_available_gb': 23.168807983398438}
2024-12-08 00:15:38,134 - utils.training_monitor - INFO - Training plots saved to logs/plots/training_plots_epoch_20_20241208_001537.png
2024-12-08 00:15:38,134 - __main__ - INFO - Epoch 20/100
2024-12-08 00:15:38,134 - __main__ - INFO - Average Loss: nan
2024-12-08 00:15:38,134 - __main__ - INFO - Epoch Time: 1.22s
2024-12-08 00:15:38,134 - __main__ - INFO - Memory Usage: 0.63 GB
2024-12-08 00:15:38,134 - __main__ - INFO - Learning Rate: 0.001527
2024-12-08 00:15:38,250 - __main__ - INFO - Saved checkpoint to models/checkpoints/checkpoint_epoch_20.pt
2024-12-08 00:15:39,252 - __main__ - INFO - System metrics: {'cpu_percent': 6.6, 'memory_percent': 51.7, 'memory_used_gb': 23.917434692382812, 'memory_available_gb': 23.170989990234375}
2024-12-08 00:15:39,469 - __main__ - INFO - Epoch 21/100
2024-12-08 00:15:39,469 - __main__ - INFO - Average Loss: nan
2024-12-08 00:15:39,469 - __main__ - INFO - Epoch Time: 1.22s
2024-12-08 00:15:39,469 - __main__ - INFO - Memory Usage: 0.65 GB
2024-12-08 00:15:39,469 - __main__ - INFO - Learning Rate: 0.001611
2024-12-08 00:15:40,470 - __main__ - INFO - System metrics: {'cpu_percent': 9.6, 'memory_percent': 51.7, 'memory_used_gb': 23.916595458984375, 'memory_available_gb': 23.178115844726562}
2024-12-08 00:15:40,681 - __main__ - INFO - Epoch 22/100
2024-12-08 00:15:40,681 - __main__ - INFO - Average Loss: nan
2024-12-08 00:15:40,681 - __main__ - INFO - Epoch Time: 1.21s
2024-12-08 00:15:40,681 - __main__ - INFO - Memory Usage: 0.65 GB
2024-12-08 00:15:40,681 - __main__ - INFO - Learning Rate: 0.001689
2024-12-08 00:15:41,683 - __main__ - INFO - System metrics: {'cpu_percent': 8.0, 'memory_percent': 51.7, 'memory_used_gb': 23.924911499023438, 'memory_available_gb': 23.169631958007812}
2024-12-08 00:15:41,888 - __main__ - INFO - Epoch 23/100
2024-12-08 00:15:41,888 - __main__ - INFO - Average Loss: nan
2024-12-08 00:15:41,888 - __main__ - INFO - Epoch Time: 1.21s
2024-12-08 00:15:41,888 - __main__ - INFO - Memory Usage: 0.65 GB
2024-12-08 00:15:41,888 - __main__ - INFO - Learning Rate: 0.001760
2024-12-08 00:15:42,890 - __main__ - INFO - System metrics: {'cpu_percent': 8.9, 'memory_percent': 51.7, 'memory_used_gb': 23.922012329101562, 'memory_available_gb': 23.171539306640625}
2024-12-08 00:15:43,105 - __main__ - INFO - Epoch 24/100
2024-12-08 00:15:43,106 - __main__ - INFO - Average Loss: nan
2024-12-08 00:15:43,106 - __main__ - INFO - Epoch Time: 1.22s
2024-12-08 00:15:43,106 - __main__ - INFO - Memory Usage: 0.65 GB
2024-12-08 00:15:43,106 - __main__ - INFO - Learning Rate: 0.001823
2024-12-08 00:15:44,107 - __main__ - INFO - System metrics: {'cpu_percent': 10.3, 'memory_percent': 51.7, 'memory_used_gb': 23.923187255859375, 'memory_available_gb': 23.178619384765625}
2024-12-08 00:15:44,324 - __main__ - INFO - Epoch 25/100
2024-12-08 00:15:44,324 - __main__ - INFO - Average Loss: nan
2024-12-08 00:15:44,324 - __main__ - INFO - Epoch Time: 1.22s
2024-12-08 00:15:44,324 - __main__ - INFO - Memory Usage: 0.65 GB
2024-12-08 00:15:44,324 - __main__ - INFO - Learning Rate: 0.001877
2024-12-08 00:15:45,325 - __main__ - INFO - System metrics: {'cpu_percent': 9.7, 'memory_percent': 51.8, 'memory_used_gb': 23.9654541015625, 'memory_available_gb': 23.137847900390625}
2024-12-08 00:15:45,532 - __main__ - INFO - Epoch 26/100
2024-12-08 00:15:45,532 - __main__ - INFO - Average Loss: nan
2024-12-08 00:15:45,532 - __main__ - INFO - Epoch Time: 1.21s
2024-12-08 00:15:45,532 - __main__ - INFO - Memory Usage: 0.65 GB
2024-12-08 00:15:45,532 - __main__ - INFO - Learning Rate: 0.001921
2024-12-08 00:15:46,534 - __main__ - INFO - System metrics: {'cpu_percent': 8.8, 'memory_percent': 51.8, 'memory_used_gb': 23.977081298828125, 'memory_available_gb': 23.123977661132812}
2024-12-08 00:15:46,744 - __main__ - INFO - Epoch 27/100
2024-12-08 00:15:46,745 - __main__ - INFO - Average Loss: nan
2024-12-08 00:15:46,745 - __main__ - INFO - Epoch Time: 1.21s
2024-12-08 00:15:46,745 - __main__ - INFO - Memory Usage: 0.65 GB
2024-12-08 00:15:46,745 - __main__ - INFO - Learning Rate: 0.001956
2024-12-08 00:15:47,746 - __main__ - INFO - System metrics: {'cpu_percent': 9.9, 'memory_percent': 51.9, 'memory_used_gb': 23.994979858398438, 'memory_available_gb': 23.102294921875}
2024-12-08 00:15:47,962 - __main__ - INFO - Epoch 28/100
2024-12-08 00:15:47,962 - __main__ - INFO - Average Loss: nan
2024-12-08 00:15:47,962 - __main__ - INFO - Epoch Time: 1.22s
2024-12-08 00:15:47,962 - __main__ - INFO - Memory Usage: 0.65 GB
2024-12-08 00:15:47,962 - __main__ - INFO - Learning Rate: 0.001981
2024-12-08 00:15:48,964 - __main__ - INFO - System metrics: {'cpu_percent': 6.9, 'memory_percent': 51.9, 'memory_used_gb': 23.995101928710938, 'memory_available_gb': 23.099090576171875}
2024-12-08 00:15:49,183 - __main__ - INFO - Epoch 29/100
2024-12-08 00:15:49,183 - __main__ - INFO - Average Loss: nan
2024-12-08 00:15:49,183 - __main__ - INFO - Epoch Time: 1.22s
2024-12-08 00:15:49,183 - __main__ - INFO - Memory Usage: 0.65 GB
2024-12-08 00:15:49,183 - __main__ - INFO - Learning Rate: 0.001996
2024-12-08 00:15:50,184 - __main__ - INFO - System metrics: {'cpu_percent': 11.2, 'memory_percent': 52.0, 'memory_used_gb': 24.029586791992188, 'memory_available_gb': 23.058303833007812}
2024-12-08 00:15:50,575 - utils.training_monitor - INFO - Training plots saved to logs/plots/training_plots_epoch_30_20241208_001550.png
2024-12-08 00:15:50,576 - __main__ - INFO - Epoch 30/100
2024-12-08 00:15:50,576 - __main__ - INFO - Average Loss: nan
2024-12-08 00:15:50,576 - __main__ - INFO - Epoch Time: 1.22s
2024-12-08 00:15:50,576 - __main__ - INFO - Memory Usage: 0.65 GB
2024-12-08 00:15:50,576 - __main__ - INFO - Learning Rate: 0.002000
2024-12-08 00:15:51,577 - __main__ - INFO - System metrics: {'cpu_percent': 13.1, 'memory_percent': 51.9, 'memory_used_gb': 24.018463134765625, 'memory_available_gb': 23.077224731445312}
2024-12-08 00:15:51,799 - __main__ - INFO - Epoch 31/100
2024-12-08 00:15:51,799 - __main__ - INFO - Average Loss: nan
2024-12-08 00:15:51,799 - __main__ - INFO - Epoch Time: 1.22s
2024-12-08 00:15:51,799 - __main__ - INFO - Memory Usage: 0.67 GB
2024-12-08 00:15:51,799 - __main__ - INFO - Learning Rate: 0.001999
2024-12-08 00:15:52,800 - __main__ - INFO - System metrics: {'cpu_percent': 12.2, 'memory_percent': 51.9, 'memory_used_gb': 24.014556884765625, 'memory_available_gb': 23.0821533203125}
2024-12-08 00:15:53,017 - __main__ - INFO - Epoch 32/100
2024-12-08 00:15:53,017 - __main__ - INFO - Average Loss: nan
2024-12-08 00:15:53,017 - __main__ - INFO - Epoch Time: 1.22s
2024-12-08 00:15:53,017 - __main__ - INFO - Memory Usage: 0.67 GB
2024-12-08 00:15:53,017 - __main__ - INFO - Learning Rate: 0.001995
2024-12-08 00:15:54,018 - __main__ - INFO - System metrics: {'cpu_percent': 12.0, 'memory_percent': 51.9, 'memory_used_gb': 23.999298095703125, 'memory_available_gb': 23.105316162109375}
2024-12-08 00:15:54,241 - __main__ - INFO - Epoch 33/100
2024-12-08 00:15:54,241 - __main__ - INFO - Average Loss: nan
2024-12-08 00:15:54,241 - __main__ - INFO - Epoch Time: 1.22s
2024-12-08 00:15:54,241 - __main__ - INFO - Memory Usage: 0.67 GB
2024-12-08 00:15:54,241 - __main__ - INFO - Learning Rate: 0.001990
2024-12-08 00:15:55,242 - __main__ - INFO - System metrics: {'cpu_percent': 13.4, 'memory_percent': 51.9, 'memory_used_gb': 24.004470825195312, 'memory_available_gb': 23.093231201171875}
2024-12-08 00:15:55,460 - __main__ - INFO - Epoch 34/100
2024-12-08 00:15:55,460 - __main__ - INFO - Average Loss: nan
2024-12-08 00:15:55,460 - __main__ - INFO - Epoch Time: 1.22s
2024-12-08 00:15:55,460 - __main__ - INFO - Memory Usage: 0.67 GB
2024-12-08 00:15:55,460 - __main__ - INFO - Learning Rate: 0.001983
2024-12-08 00:15:56,461 - __main__ - INFO - System metrics: {'cpu_percent': 12.5, 'memory_percent': 51.9, 'memory_used_gb': 24.0018310546875, 'memory_available_gb': 23.101806640625}
2024-12-08 00:15:56,679 - __main__ - INFO - Epoch 35/100
2024-12-08 00:15:56,679 - __main__ - INFO - Average Loss: nan
2024-12-08 00:15:56,679 - __main__ - INFO - Epoch Time: 1.22s
2024-12-08 00:15:56,679 - __main__ - INFO - Memory Usage: 0.67 GB
2024-12-08 00:15:56,679 - __main__ - INFO - Learning Rate: 0.001974
2024-12-08 00:15:57,681 - __main__ - INFO - System metrics: {'cpu_percent': 12.2, 'memory_percent': 52.0, 'memory_used_gb': 24.039657592773438, 'memory_available_gb': 23.062835693359375}
2024-12-08 00:15:57,896 - __main__ - INFO - Epoch 36/100
2024-12-08 00:15:57,896 - __main__ - INFO - Average Loss: nan
2024-12-08 00:15:57,896 - __main__ - INFO - Epoch Time: 1.22s
2024-12-08 00:15:57,896 - __main__ - INFO - Memory Usage: 0.67 GB
2024-12-08 00:15:57,896 - __main__ - INFO - Learning Rate: 0.001962
2024-12-08 00:15:58,898 - __main__ - INFO - System metrics: {'cpu_percent': 12.1, 'memory_percent': 52.0, 'memory_used_gb': 24.040069580078125, 'memory_available_gb': 23.062149047851562}
2024-12-08 00:15:59,123 - __main__ - INFO - Epoch 37/100
2024-12-08 00:15:59,124 - __main__ - INFO - Average Loss: nan
2024-12-08 00:15:59,124 - __main__ - INFO - Epoch Time: 1.23s
2024-12-08 00:15:59,124 - __main__ - INFO - Memory Usage: 0.67 GB
2024-12-08 00:15:59,124 - __main__ - INFO - Learning Rate: 0.001949
2024-12-08 00:16:00,125 - __main__ - INFO - System metrics: {'cpu_percent': 13.5, 'memory_percent': 51.9, 'memory_used_gb': 24.03668212890625, 'memory_available_gb': 23.070571899414062}
2024-12-08 00:16:00,351 - __main__ - INFO - Epoch 38/100
2024-12-08 00:16:00,351 - __main__ - INFO - Average Loss: nan
2024-12-08 00:16:00,351 - __main__ - INFO - Epoch Time: 1.23s
2024-12-08 00:16:00,351 - __main__ - INFO - Memory Usage: 0.67 GB
2024-12-08 00:16:00,351 - __main__ - INFO - Learning Rate: 0.001934
2024-12-08 00:16:01,353 - __main__ - INFO - System metrics: {'cpu_percent': 13.5, 'memory_percent': 52.0, 'memory_used_gb': 24.039260864257812, 'memory_available_gb': 23.060134887695312}
2024-12-08 00:16:01,556 - __main__ - INFO - Epoch 39/100
2024-12-08 00:16:01,556 - __main__ - INFO - Average Loss: nan
2024-12-08 00:16:01,556 - __main__ - INFO - Epoch Time: 1.20s
2024-12-08 00:16:01,556 - __main__ - INFO - Memory Usage: 0.67 GB
2024-12-08 00:16:01,556 - __main__ - INFO - Learning Rate: 0.001917
2024-12-08 00:16:02,558 - __main__ - INFO - System metrics: {'cpu_percent': 12.2, 'memory_percent': 51.9, 'memory_used_gb': 24.007125854492188, 'memory_available_gb': 23.097579956054688}
2024-12-08 00:16:02,967 - utils.training_monitor - INFO - Training plots saved to logs/plots/training_plots_epoch_40_20241208_001602.png
2024-12-08 00:16:02,967 - __main__ - INFO - Epoch 40/100
2024-12-08 00:16:02,967 - __main__ - INFO - Average Loss: nan
2024-12-08 00:16:02,967 - __main__ - INFO - Epoch Time: 1.23s
2024-12-08 00:16:02,967 - __main__ - INFO - Memory Usage: 0.67 GB
2024-12-08 00:16:02,967 - __main__ - INFO - Learning Rate: 0.001899
2024-12-08 00:16:03,030 - __main__ - INFO - Saved checkpoint to models/checkpoints/checkpoint_epoch_40.pt
2024-12-08 00:16:04,032 - __main__ - INFO - System metrics: {'cpu_percent': 12.3, 'memory_percent': 51.9, 'memory_used_gb': 24.02020263671875, 'memory_available_gb': 23.077957153320312}
2024-12-08 00:16:04,246 - __main__ - INFO - Epoch 41/100
2024-12-08 00:16:04,246 - __main__ - INFO - Average Loss: nan
2024-12-08 00:16:04,246 - __main__ - INFO - Epoch Time: 1.22s
2024-12-08 00:16:04,246 - __main__ - INFO - Memory Usage: 0.68 GB
2024-12-08 00:16:04,246 - __main__ - INFO - Learning Rate: 0.001878
2024-12-08 00:16:05,248 - __main__ - INFO - System metrics: {'cpu_percent': 12.9, 'memory_percent': 51.8, 'memory_used_gb': 23.978515625, 'memory_available_gb': 23.117706298828125}
2024-12-08 00:16:05,458 - __main__ - INFO - Epoch 42/100
2024-12-08 00:16:05,458 - __main__ - INFO - Average Loss: nan
2024-12-08 00:16:05,458 - __main__ - INFO - Epoch Time: 1.21s
2024-12-08 00:16:05,458 - __main__ - INFO - Memory Usage: 0.68 GB
2024-12-08 00:16:05,458 - __main__ - INFO - Learning Rate: 0.001856
2024-12-08 00:16:06,459 - __main__ - INFO - System metrics: {'cpu_percent': 11.3, 'memory_percent': 51.8, 'memory_used_gb': 23.972000122070312, 'memory_available_gb': 23.127456665039062}
2024-12-08 00:16:06,666 - __main__ - INFO - Epoch 43/100
2024-12-08 00:16:06,666 - __main__ - INFO - Average Loss: nan
2024-12-08 00:16:06,666 - __main__ - INFO - Epoch Time: 1.21s
2024-12-08 00:16:06,666 - __main__ - INFO - Memory Usage: 0.68 GB
2024-12-08 00:16:06,666 - __main__ - INFO - Learning Rate: 0.001831
2024-12-08 00:16:07,668 - __main__ - INFO - System metrics: {'cpu_percent': 11.1, 'memory_percent': 51.8, 'memory_used_gb': 23.97247314453125, 'memory_available_gb': 23.125656127929688}
2024-12-08 00:16:07,894 - __main__ - INFO - Epoch 44/100
2024-12-08 00:16:07,894 - __main__ - INFO - Average Loss: nan
2024-12-08 00:16:07,894 - __main__ - INFO - Epoch Time: 1.23s
2024-12-08 00:16:07,894 - __main__ - INFO - Memory Usage: 0.68 GB
2024-12-08 00:16:07,894 - __main__ - INFO - Learning Rate: 0.001806
2024-12-08 00:16:08,896 - __main__ - INFO - System metrics: {'cpu_percent': 7.9, 'memory_percent': 51.9, 'memory_used_gb': 24.023468017578125, 'memory_available_gb': 23.082717895507812}
2024-12-08 00:16:09,114 - __main__ - INFO - Epoch 45/100
2024-12-08 00:16:09,114 - __main__ - INFO - Average Loss: nan
2024-12-08 00:16:09,114 - __main__ - INFO - Epoch Time: 1.22s
2024-12-08 00:16:09,115 - __main__ - INFO - Memory Usage: 0.68 GB
2024-12-08 00:16:09,115 - __main__ - INFO - Learning Rate: 0.001778
2024-12-08 00:16:10,116 - __main__ - INFO - System metrics: {'cpu_percent': 6.2, 'memory_percent': 51.9, 'memory_used_gb': 23.99627685546875, 'memory_available_gb': 23.096771240234375}
2024-12-08 00:16:10,331 - __main__ - INFO - Epoch 46/100
2024-12-08 00:16:10,331 - __main__ - INFO - Average Loss: nan
2024-12-08 00:16:10,332 - __main__ - INFO - Epoch Time: 1.22s
2024-12-08 00:16:10,332 - __main__ - INFO - Memory Usage: 0.68 GB
2024-12-08 00:16:10,332 - __main__ - INFO - Learning Rate: 0.001749
2024-12-08 00:16:11,333 - __main__ - INFO - System metrics: {'cpu_percent': 6.3, 'memory_percent': 51.9, 'memory_used_gb': 23.990310668945312, 'memory_available_gb': 23.099655151367188}
2024-12-08 00:16:11,542 - __main__ - INFO - Epoch 47/100
2024-12-08 00:16:11,542 - __main__ - INFO - Average Loss: nan
2024-12-08 00:16:11,542 - __main__ - INFO - Epoch Time: 1.21s
2024-12-08 00:16:11,542 - __main__ - INFO - Memory Usage: 0.68 GB
2024-12-08 00:16:11,542 - __main__ - INFO - Learning Rate: 0.001719
2024-12-08 00:16:12,544 - __main__ - INFO - System metrics: {'cpu_percent': 8.3, 'memory_percent': 51.9, 'memory_used_gb': 23.984420776367188, 'memory_available_gb': 23.10675048828125}
2024-12-08 00:16:12,766 - __main__ - INFO - Epoch 48/100
2024-12-08 00:16:12,766 - __main__ - INFO - Average Loss: nan
2024-12-08 00:16:12,766 - __main__ - INFO - Epoch Time: 1.22s
2024-12-08 00:16:12,766 - __main__ - INFO - Memory Usage: 0.68 GB
2024-12-08 00:16:12,766 - __main__ - INFO - Learning Rate: 0.001687
2024-12-08 00:16:13,767 - __main__ - INFO - System metrics: {'cpu_percent': 13.0, 'memory_percent': 51.9, 'memory_used_gb': 23.992813110351562, 'memory_available_gb': 23.110443115234375}
2024-12-08 00:16:13,985 - __main__ - INFO - Epoch 49/100
2024-12-08 00:16:13,985 - __main__ - INFO - Average Loss: nan
2024-12-08 00:16:13,985 - __main__ - INFO - Epoch Time: 1.22s
2024-12-08 00:16:13,985 - __main__ - INFO - Memory Usage: 0.68 GB
2024-12-08 00:16:13,985 - __main__ - INFO - Learning Rate: 0.001654
2024-12-08 00:16:14,987 - __main__ - INFO - System metrics: {'cpu_percent': 7.0, 'memory_percent': 51.8, 'memory_used_gb': 23.981552124023438, 'memory_available_gb': 23.121856689453125}
2024-12-08 00:16:15,436 - utils.training_monitor - INFO - Training plots saved to logs/plots/training_plots_epoch_50_20241208_001615.png
2024-12-08 00:16:15,436 - __main__ - INFO - Epoch 50/100
2024-12-08 00:16:15,436 - __main__ - INFO - Average Loss: nan
2024-12-08 00:16:15,436 - __main__ - INFO - Epoch Time: 1.23s
2024-12-08 00:16:15,436 - __main__ - INFO - Memory Usage: 0.68 GB
2024-12-08 00:16:15,436 - __main__ - INFO - Learning Rate: 0.001619
2024-12-08 00:16:16,437 - __main__ - INFO - System metrics: {'cpu_percent': 6.5, 'memory_percent': 51.6, 'memory_used_gb': 23.880691528320312, 'memory_available_gb': 23.209930419921875}
2024-12-08 00:16:16,644 - __main__ - INFO - Epoch 51/100
2024-12-08 00:16:16,644 - __main__ - INFO - Average Loss: nan
2024-12-08 00:16:16,644 - __main__ - INFO - Epoch Time: 1.21s
2024-12-08 00:16:16,645 - __main__ - INFO - Memory Usage: 0.68 GB
2024-12-08 00:16:16,645 - __main__ - INFO - Learning Rate: 0.001583
2024-12-08 00:16:17,646 - __main__ - INFO - System metrics: {'cpu_percent': 10.5, 'memory_percent': 51.8, 'memory_used_gb': 23.965774536132812, 'memory_available_gb': 23.13262939453125}
2024-12-08 00:16:17,851 - __main__ - INFO - Epoch 52/100
2024-12-08 00:16:17,851 - __main__ - INFO - Average Loss: nan
2024-12-08 00:16:17,851 - __main__ - INFO - Epoch Time: 1.21s
2024-12-08 00:16:17,851 - __main__ - INFO - Memory Usage: 0.68 GB
2024-12-08 00:16:17,851 - __main__ - INFO - Learning Rate: 0.001546
2024-12-08 00:16:18,853 - __main__ - INFO - System metrics: {'cpu_percent': 5.8, 'memory_percent': 51.8, 'memory_used_gb': 23.955596923828125, 'memory_available_gb': 23.140518188476562}
2024-12-08 00:16:19,068 - __main__ - INFO - Epoch 53/100
2024-12-08 00:16:19,068 - __main__ - INFO - Average Loss: nan
2024-12-08 00:16:19,068 - __main__ - INFO - Epoch Time: 1.22s
2024-12-08 00:16:19,068 - __main__ - INFO - Memory Usage: 0.68 GB
2024-12-08 00:16:19,068 - __main__ - INFO - Learning Rate: 0.001508
2024-12-08 00:16:20,070 - __main__ - INFO - System metrics: {'cpu_percent': 7.7, 'memory_percent': 51.8, 'memory_used_gb': 23.970962524414062, 'memory_available_gb': 23.127777099609375}
2024-12-08 00:16:20,290 - __main__ - INFO - Epoch 54/100
2024-12-08 00:16:20,290 - __main__ - INFO - Average Loss: nan
2024-12-08 00:16:20,290 - __main__ - INFO - Epoch Time: 1.22s
2024-12-08 00:16:20,290 - __main__ - INFO - Memory Usage: 0.68 GB
2024-12-08 00:16:20,290 - __main__ - INFO - Learning Rate: 0.001469
2024-12-08 00:16:21,292 - __main__ - INFO - System metrics: {'cpu_percent': 6.6, 'memory_percent': 51.7, 'memory_used_gb': 23.9154052734375, 'memory_available_gb': 23.183837890625}
2024-12-08 00:16:21,510 - __main__ - INFO - Epoch 55/100
2024-12-08 00:16:21,510 - __main__ - INFO - Average Loss: nan
2024-12-08 00:16:21,510 - __main__ - INFO - Epoch Time: 1.22s
2024-12-08 00:16:21,510 - __main__ - INFO - Memory Usage: 0.68 GB
2024-12-08 00:16:21,510 - __main__ - INFO - Learning Rate: 0.001429
2024-12-08 00:16:22,511 - __main__ - INFO - System metrics: {'cpu_percent': 7.2, 'memory_percent': 51.8, 'memory_used_gb': 23.936721801757812, 'memory_available_gb': 23.157958984375}
2024-12-08 00:16:22,720 - __main__ - INFO - Epoch 56/100
2024-12-08 00:16:22,720 - __main__ - INFO - Average Loss: nan
2024-12-08 00:16:22,720 - __main__ - INFO - Epoch Time: 1.21s
2024-12-08 00:16:22,720 - __main__ - INFO - Memory Usage: 0.68 GB
2024-12-08 00:16:22,720 - __main__ - INFO - Learning Rate: 0.001388
2024-12-08 00:16:23,721 - __main__ - INFO - System metrics: {'cpu_percent': 5.8, 'memory_percent': 51.7, 'memory_used_gb': 23.927352905273438, 'memory_available_gb': 23.163986206054688}
2024-12-08 00:16:23,924 - __main__ - INFO - Epoch 57/100
2024-12-08 00:16:23,924 - __main__ - INFO - Average Loss: nan
2024-12-08 00:16:23,925 - __main__ - INFO - Epoch Time: 1.20s
2024-12-08 00:16:23,925 - __main__ - INFO - Memory Usage: 0.68 GB
2024-12-08 00:16:23,925 - __main__ - INFO - Learning Rate: 0.001346
2024-12-08 00:16:24,926 - __main__ - INFO - System metrics: {'cpu_percent': 8.2, 'memory_percent': 51.8, 'memory_used_gb': 23.94757080078125, 'memory_available_gb': 23.148422241210938}
2024-12-08 00:16:25,132 - __main__ - INFO - Epoch 58/100
2024-12-08 00:16:25,132 - __main__ - INFO - Average Loss: nan
2024-12-08 00:16:25,132 - __main__ - INFO - Epoch Time: 1.21s
2024-12-08 00:16:25,132 - __main__ - INFO - Memory Usage: 0.68 GB
2024-12-08 00:16:25,132 - __main__ - INFO - Learning Rate: 0.001304
2024-12-08 00:16:26,133 - __main__ - INFO - System metrics: {'cpu_percent': 8.6, 'memory_percent': 51.8, 'memory_used_gb': 23.945816040039062, 'memory_available_gb': 23.152511596679688}
2024-12-08 00:16:26,353 - __main__ - INFO - Epoch 59/100
2024-12-08 00:16:26,353 - __main__ - INFO - Average Loss: nan
2024-12-08 00:16:26,353 - __main__ - INFO - Epoch Time: 1.22s
2024-12-08 00:16:26,353 - __main__ - INFO - Memory Usage: 0.68 GB
2024-12-08 00:16:26,353 - __main__ - INFO - Learning Rate: 0.001261
2024-12-08 00:16:27,355 - __main__ - INFO - System metrics: {'cpu_percent': 8.5, 'memory_percent': 52.0, 'memory_used_gb': 24.04168701171875, 'memory_available_gb': 23.057632446289062}
2024-12-08 00:16:27,739 - utils.training_monitor - INFO - Training plots saved to logs/plots/training_plots_epoch_60_20241208_001627.png
2024-12-08 00:16:27,740 - __main__ - INFO - Epoch 60/100
2024-12-08 00:16:27,740 - __main__ - INFO - Average Loss: nan
2024-12-08 00:16:27,740 - __main__ - INFO - Epoch Time: 1.21s
2024-12-08 00:16:27,740 - __main__ - INFO - Memory Usage: 0.68 GB
2024-12-08 00:16:27,740 - __main__ - INFO - Learning Rate: 0.001217
2024-12-08 00:16:27,809 - __main__ - INFO - Saved checkpoint to models/checkpoints/checkpoint_epoch_60.pt
2024-12-08 00:16:28,811 - __main__ - INFO - System metrics: {'cpu_percent': 9.0, 'memory_percent': 52.1, 'memory_used_gb': 24.101852416992188, 'memory_available_gb': 22.993637084960938}
2024-12-08 00:16:29,027 - __main__ - INFO - Epoch 61/100
2024-12-08 00:16:29,027 - __main__ - INFO - Average Loss: nan
2024-12-08 00:16:29,027 - __main__ - INFO - Epoch Time: 1.22s
2024-12-08 00:16:29,027 - __main__ - INFO - Memory Usage: 0.69 GB
2024-12-08 00:16:29,027 - __main__ - INFO - Learning Rate: 0.001173
2024-12-08 00:16:30,028 - __main__ - INFO - System metrics: {'cpu_percent': 9.0, 'memory_percent': 52.2, 'memory_used_gb': 24.131454467773438, 'memory_available_gb': 22.967239379882812}
2024-12-08 00:16:30,242 - __main__ - INFO - Epoch 62/100
2024-12-08 00:16:30,242 - __main__ - INFO - Average Loss: nan
2024-12-08 00:16:30,242 - __main__ - INFO - Epoch Time: 1.21s
2024-12-08 00:16:30,242 - __main__ - INFO - Memory Usage: 0.69 GB
2024-12-08 00:16:30,242 - __main__ - INFO - Learning Rate: 0.001129
2024-12-08 00:16:31,243 - __main__ - INFO - System metrics: {'cpu_percent': 8.8, 'memory_percent': 52.1, 'memory_used_gb': 24.092422485351562, 'memory_available_gb': 23.008148193359375}
2024-12-08 00:16:31,464 - __main__ - INFO - Epoch 63/100
2024-12-08 00:16:31,464 - __main__ - INFO - Average Loss: nan
2024-12-08 00:16:31,464 - __main__ - INFO - Epoch Time: 1.22s
2024-12-08 00:16:31,464 - __main__ - INFO - Memory Usage: 0.69 GB
2024-12-08 00:16:31,464 - __main__ - INFO - Learning Rate: 0.001084
2024-12-08 00:16:32,465 - __main__ - INFO - System metrics: {'cpu_percent': 9.1, 'memory_percent': 52.1, 'memory_used_gb': 24.085647583007812, 'memory_available_gb': 23.0086669921875}
2024-12-08 00:16:32,681 - __main__ - INFO - Epoch 64/100
2024-12-08 00:16:32,681 - __main__ - INFO - Average Loss: nan
2024-12-08 00:16:32,681 - __main__ - INFO - Epoch Time: 1.22s
2024-12-08 00:16:32,681 - __main__ - INFO - Memory Usage: 0.69 GB
2024-12-08 00:16:32,681 - __main__ - INFO - Learning Rate: 0.001039
2024-12-08 00:16:33,683 - __main__ - INFO - System metrics: {'cpu_percent': 8.5, 'memory_percent': 51.9, 'memory_used_gb': 23.995895385742188, 'memory_available_gb': 23.104415893554688}
2024-12-08 00:16:33,901 - __main__ - INFO - Epoch 65/100
2024-12-08 00:16:33,901 - __main__ - INFO - Average Loss: nan
2024-12-08 00:16:33,901 - __main__ - INFO - Epoch Time: 1.22s
2024-12-08 00:16:33,901 - __main__ - INFO - Memory Usage: 0.69 GB
2024-12-08 00:16:33,901 - __main__ - INFO - Learning Rate: 0.000994
2024-12-08 00:16:34,902 - __main__ - INFO - System metrics: {'cpu_percent': 8.3, 'memory_percent': 52.0, 'memory_used_gb': 24.043350219726562, 'memory_available_gb': 23.056045532226562}
2024-12-08 00:16:35,122 - __main__ - INFO - Epoch 66/100
2024-12-08 00:16:35,122 - __main__ - INFO - Average Loss: nan
2024-12-08 00:16:35,122 - __main__ - INFO - Epoch Time: 1.22s
2024-12-08 00:16:35,123 - __main__ - INFO - Memory Usage: 0.69 GB
2024-12-08 00:16:35,123 - __main__ - INFO - Learning Rate: 0.000950
2024-12-08 00:16:36,124 - __main__ - INFO - System metrics: {'cpu_percent': 8.7, 'memory_percent': 52.0, 'memory_used_gb': 24.0377197265625, 'memory_available_gb': 23.05755615234375}
2024-12-08 00:16:36,335 - __main__ - INFO - Epoch 67/100
2024-12-08 00:16:36,335 - __main__ - INFO - Average Loss: nan
2024-12-08 00:16:36,335 - __main__ - INFO - Epoch Time: 1.21s
2024-12-08 00:16:36,335 - __main__ - INFO - Memory Usage: 0.69 GB
2024-12-08 00:16:36,335 - __main__ - INFO - Learning Rate: 0.000905
2024-12-08 00:16:37,337 - __main__ - INFO - System metrics: {'cpu_percent': 8.3, 'memory_percent': 52.0, 'memory_used_gb': 24.04974365234375, 'memory_available_gb': 23.046661376953125}
2024-12-08 00:16:37,543 - __main__ - INFO - Epoch 68/100
2024-12-08 00:16:37,543 - __main__ - INFO - Average Loss: nan
2024-12-08 00:16:37,543 - __main__ - INFO - Epoch Time: 1.21s
2024-12-08 00:16:37,543 - __main__ - INFO - Memory Usage: 0.69 GB
2024-12-08 00:16:37,543 - __main__ - INFO - Learning Rate: 0.000860
2024-12-08 00:16:38,544 - __main__ - INFO - System metrics: {'cpu_percent': 8.5, 'memory_percent': 51.8, 'memory_used_gb': 23.939743041992188, 'memory_available_gb': 23.156402587890625}
2024-12-08 00:16:38,759 - __main__ - INFO - Epoch 69/100
2024-12-08 00:16:38,759 - __main__ - INFO - Average Loss: nan
2024-12-08 00:16:38,759 - __main__ - INFO - Epoch Time: 1.22s
2024-12-08 00:16:38,759 - __main__ - INFO - Memory Usage: 0.69 GB
2024-12-08 00:16:38,759 - __main__ - INFO - Learning Rate: 0.000816
2024-12-08 00:16:39,760 - __main__ - INFO - System metrics: {'cpu_percent': 8.4, 'memory_percent': 51.7, 'memory_used_gb': 23.944351196289062, 'memory_available_gb': 23.160110473632812}
2024-12-08 00:16:40,155 - utils.training_monitor - INFO - Training plots saved to logs/plots/training_plots_epoch_70_20241208_001639.png
2024-12-08 00:16:40,155 - __main__ - INFO - Epoch 70/100
2024-12-08 00:16:40,156 - __main__ - INFO - Average Loss: nan
2024-12-08 00:16:40,156 - __main__ - INFO - Epoch Time: 1.21s
2024-12-08 00:16:40,156 - __main__ - INFO - Memory Usage: 0.69 GB
2024-12-08 00:16:40,156 - __main__ - INFO - Learning Rate: 0.000772
2024-12-08 00:16:41,156 - __main__ - INFO - System metrics: {'cpu_percent': 8.2, 'memory_percent': 51.6, 'memory_used_gb': 23.88848876953125, 'memory_available_gb': 23.217361450195312}
2024-12-08 00:16:41,369 - __main__ - INFO - Epoch 71/100
2024-12-08 00:16:41,369 - __main__ - INFO - Average Loss: nan
2024-12-08 00:16:41,369 - __main__ - INFO - Epoch Time: 1.21s
2024-12-08 00:16:41,369 - __main__ - INFO - Memory Usage: 0.69 GB
2024-12-08 00:16:41,369 - __main__ - INFO - Learning Rate: 0.000729
2024-12-08 00:16:42,371 - __main__ - INFO - System metrics: {'cpu_percent': 15.3, 'memory_percent': 52.0, 'memory_used_gb': 24.06060791015625, 'memory_available_gb': 23.041107177734375}
2024-12-08 00:16:42,581 - __main__ - INFO - Epoch 72/100
2024-12-08 00:16:42,581 - __main__ - INFO - Average Loss: nan
2024-12-08 00:16:42,581 - __main__ - INFO - Epoch Time: 1.21s
2024-12-08 00:16:42,581 - __main__ - INFO - Memory Usage: 0.69 GB
2024-12-08 00:16:42,581 - __main__ - INFO - Learning Rate: 0.000686
2024-12-08 00:16:43,583 - __main__ - INFO - System metrics: {'cpu_percent': 13.1, 'memory_percent': 52.0, 'memory_used_gb': 24.082107543945312, 'memory_available_gb': 23.018722534179688}
2024-12-08 00:16:43,793 - __main__ - INFO - Epoch 73/100
2024-12-08 00:16:43,793 - __main__ - INFO - Average Loss: nan
2024-12-08 00:16:43,793 - __main__ - INFO - Epoch Time: 1.21s
2024-12-08 00:16:43,793 - __main__ - INFO - Memory Usage: 0.69 GB
2024-12-08 00:16:43,793 - __main__ - INFO - Learning Rate: 0.000643
2024-12-08 00:16:44,795 - __main__ - INFO - System metrics: {'cpu_percent': 9.0, 'memory_percent': 52.0, 'memory_used_gb': 24.074539184570312, 'memory_available_gb': 23.025344848632812}
2024-12-08 00:16:45,006 - __main__ - INFO - Epoch 74/100
2024-12-08 00:16:45,006 - __main__ - INFO - Average Loss: nan
2024-12-08 00:16:45,006 - __main__ - INFO - Epoch Time: 1.21s
2024-12-08 00:16:45,006 - __main__ - INFO - Memory Usage: 0.69 GB
2024-12-08 00:16:45,006 - __main__ - INFO - Learning Rate: 0.000602
2024-12-08 00:16:46,008 - __main__ - INFO - System metrics: {'cpu_percent': 9.8, 'memory_percent': 52.0, 'memory_used_gb': 24.073272705078125, 'memory_available_gb': 23.021774291992188}
2024-12-08 00:16:46,239 - __main__ - INFO - Epoch 75/100
2024-12-08 00:16:46,239 - __main__ - INFO - Average Loss: nan
2024-12-08 00:16:46,239 - __main__ - INFO - Epoch Time: 1.23s
2024-12-08 00:16:46,239 - __main__ - INFO - Memory Usage: 0.69 GB
2024-12-08 00:16:46,239 - __main__ - INFO - Learning Rate: 0.000561
2024-12-08 00:16:47,240 - __main__ - INFO - System metrics: {'cpu_percent': 9.9, 'memory_percent': 51.9, 'memory_used_gb': 24.0169677734375, 'memory_available_gb': 23.077163696289062}
2024-12-08 00:16:47,462 - __main__ - INFO - Epoch 76/100
2024-12-08 00:16:47,463 - __main__ - INFO - Average Loss: nan
2024-12-08 00:16:47,463 - __main__ - INFO - Epoch Time: 1.22s
2024-12-08 00:16:47,463 - __main__ - INFO - Memory Usage: 0.69 GB
2024-12-08 00:16:47,463 - __main__ - INFO - Learning Rate: 0.000521
2024-12-08 00:16:48,464 - __main__ - INFO - System metrics: {'cpu_percent': 9.9, 'memory_percent': 51.9, 'memory_used_gb': 24.014938354492188, 'memory_available_gb': 23.083389282226562}
2024-12-08 00:16:48,679 - __main__ - INFO - Epoch 77/100
2024-12-08 00:16:48,679 - __main__ - INFO - Average Loss: nan
2024-12-08 00:16:48,680 - __main__ - INFO - Epoch Time: 1.22s
2024-12-08 00:16:48,680 - __main__ - INFO - Memory Usage: 0.69 GB
2024-12-08 00:16:48,680 - __main__ - INFO - Learning Rate: 0.000482
2024-12-08 00:16:49,681 - __main__ - INFO - System metrics: {'cpu_percent': 9.7, 'memory_percent': 51.9, 'memory_used_gb': 24.010467529296875, 'memory_available_gb': 23.094833374023438}
2024-12-08 00:16:49,897 - __main__ - INFO - Epoch 78/100
2024-12-08 00:16:49,897 - __main__ - INFO - Average Loss: nan
2024-12-08 00:16:49,897 - __main__ - INFO - Epoch Time: 1.22s
2024-12-08 00:16:49,897 - __main__ - INFO - Memory Usage: 0.69 GB
2024-12-08 00:16:49,897 - __main__ - INFO - Learning Rate: 0.000444
2024-12-08 00:16:50,899 - __main__ - INFO - System metrics: {'cpu_percent': 13.9, 'memory_percent': 52.0, 'memory_used_gb': 24.029647827148438, 'memory_available_gb': 23.063507080078125}
2024-12-08 00:16:51,108 - __main__ - INFO - Epoch 79/100
2024-12-08 00:16:51,108 - __main__ - INFO - Average Loss: nan
2024-12-08 00:16:51,108 - __main__ - INFO - Epoch Time: 1.21s
2024-12-08 00:16:51,108 - __main__ - INFO - Memory Usage: 0.69 GB
2024-12-08 00:16:51,108 - __main__ - INFO - Learning Rate: 0.000408
2024-12-08 00:16:52,110 - __main__ - INFO - System metrics: {'cpu_percent': 9.9, 'memory_percent': 51.9, 'memory_used_gb': 24.032302856445312, 'memory_available_gb': 23.066787719726562}
2024-12-08 00:16:52,508 - utils.training_monitor - INFO - Training plots saved to logs/plots/training_plots_epoch_80_20241208_001652.png
2024-12-08 00:16:52,508 - __main__ - INFO - Epoch 80/100
2024-12-08 00:16:52,508 - __main__ - INFO - Average Loss: nan
2024-12-08 00:16:52,508 - __main__ - INFO - Epoch Time: 1.22s
2024-12-08 00:16:52,508 - __main__ - INFO - Memory Usage: 0.69 GB
2024-12-08 00:16:52,508 - __main__ - INFO - Learning Rate: 0.000372
2024-12-08 00:16:52,577 - __main__ - INFO - Saved checkpoint to models/checkpoints/checkpoint_epoch_80.pt
2024-12-08 00:16:53,578 - __main__ - INFO - System metrics: {'cpu_percent': 10.4, 'memory_percent': 52.0, 'memory_used_gb': 24.044677734375, 'memory_available_gb': 23.053390502929688}
2024-12-08 00:16:53,783 - __main__ - INFO - Epoch 81/100
2024-12-08 00:16:53,783 - __main__ - INFO - Average Loss: nan
2024-12-08 00:16:53,783 - __main__ - INFO - Epoch Time: 1.21s
2024-12-08 00:16:53,783 - __main__ - INFO - Memory Usage: 0.71 GB
2024-12-08 00:16:53,784 - __main__ - INFO - Learning Rate: 0.000338
2024-12-08 00:16:54,785 - __main__ - INFO - System metrics: {'cpu_percent': 9.6, 'memory_percent': 51.9, 'memory_used_gb': 24.026168823242188, 'memory_available_gb': 23.068405151367188}
2024-12-08 00:16:54,990 - __main__ - INFO - Epoch 82/100
2024-12-08 00:16:54,990 - __main__ - INFO - Average Loss: nan
2024-12-08 00:16:54,990 - __main__ - INFO - Epoch Time: 1.21s
2024-12-08 00:16:54,990 - __main__ - INFO - Memory Usage: 0.71 GB
2024-12-08 00:16:54,990 - __main__ - INFO - Learning Rate: 0.000305
2024-12-08 00:16:55,991 - __main__ - INFO - System metrics: {'cpu_percent': 9.2, 'memory_percent': 52.0, 'memory_used_gb': 24.03350830078125, 'memory_available_gb': 23.061019897460938}
2024-12-08 00:16:56,215 - __main__ - INFO - Epoch 83/100
2024-12-08 00:16:56,215 - __main__ - INFO - Average Loss: nan
2024-12-08 00:16:56,215 - __main__ - INFO - Epoch Time: 1.23s
2024-12-08 00:16:56,216 - __main__ - INFO - Memory Usage: 0.71 GB
2024-12-08 00:16:56,216 - __main__ - INFO - Learning Rate: 0.000273
2024-12-08 00:16:57,216 - __main__ - INFO - System metrics: {'cpu_percent': 9.7, 'memory_percent': 51.9, 'memory_used_gb': 24.025558471679688, 'memory_available_gb': 23.07684326171875}
2024-12-08 00:16:57,427 - __main__ - INFO - Epoch 84/100
2024-12-08 00:16:57,427 - __main__ - INFO - Average Loss: nan
2024-12-08 00:16:57,427 - __main__ - INFO - Epoch Time: 1.21s
2024-12-08 00:16:57,427 - __main__ - INFO - Memory Usage: 0.71 GB
2024-12-08 00:16:57,427 - __main__ - INFO - Learning Rate: 0.000243
2024-12-08 00:16:58,429 - __main__ - INFO - System metrics: {'cpu_percent': 9.5, 'memory_percent': 51.9, 'memory_used_gb': 24.025100708007812, 'memory_available_gb': 23.0751953125}
2024-12-08 00:16:58,650 - __main__ - INFO - Epoch 85/100
2024-12-08 00:16:58,650 - __main__ - INFO - Average Loss: nan
2024-12-08 00:16:58,650 - __main__ - INFO - Epoch Time: 1.22s
2024-12-08 00:16:58,650 - __main__ - INFO - Memory Usage: 0.71 GB
2024-12-08 00:16:58,650 - __main__ - INFO - Learning Rate: 0.000215
2024-12-08 00:16:59,652 - __main__ - INFO - System metrics: {'cpu_percent': 10.0, 'memory_percent': 51.9, 'memory_used_gb': 24.029205322265625, 'memory_available_gb': 23.078506469726562}
2024-12-08 00:16:59,878 - __main__ - INFO - Epoch 86/100
2024-12-08 00:16:59,878 - __main__ - INFO - Average Loss: nan
2024-12-08 00:16:59,878 - __main__ - INFO - Epoch Time: 1.23s
2024-12-08 00:16:59,878 - __main__ - INFO - Memory Usage: 0.71 GB
2024-12-08 00:16:59,878 - __main__ - INFO - Learning Rate: 0.000188
2024-12-08 00:17:00,880 - __main__ - INFO - System metrics: {'cpu_percent': 9.9, 'memory_percent': 52.0, 'memory_used_gb': 24.039688110351562, 'memory_available_gb': 23.056838989257812}
2024-12-08 00:17:01,100 - __main__ - INFO - Epoch 87/100
2024-12-08 00:17:01,100 - __main__ - INFO - Average Loss: nan
2024-12-08 00:17:01,100 - __main__ - INFO - Epoch Time: 1.22s
2024-12-08 00:17:01,100 - __main__ - INFO - Memory Usage: 0.71 GB
2024-12-08 00:17:01,100 - __main__ - INFO - Learning Rate: 0.000162
2024-12-08 00:17:02,102 - __main__ - INFO - System metrics: {'cpu_percent': 9.9, 'memory_percent': 51.9, 'memory_used_gb': 24.03173828125, 'memory_available_gb': 23.068679809570312}
2024-12-08 00:17:02,330 - __main__ - INFO - Epoch 88/100
2024-12-08 00:17:02,330 - __main__ - INFO - Average Loss: nan
2024-12-08 00:17:02,330 - __main__ - INFO - Epoch Time: 1.23s
2024-12-08 00:17:02,330 - __main__ - INFO - Memory Usage: 0.71 GB
2024-12-08 00:17:02,330 - __main__ - INFO - Learning Rate: 0.000139
2024-12-08 00:17:03,331 - __main__ - INFO - System metrics: {'cpu_percent': 8.7, 'memory_percent': 51.9, 'memory_used_gb': 24.02764892578125, 'memory_available_gb': 23.068252563476562}
2024-12-08 00:17:03,556 - __main__ - INFO - Epoch 89/100
2024-12-08 00:17:03,556 - __main__ - INFO - Average Loss: nan
2024-12-08 00:17:03,556 - __main__ - INFO - Epoch Time: 1.23s
2024-12-08 00:17:03,556 - __main__ - INFO - Memory Usage: 0.71 GB
2024-12-08 00:17:03,557 - __main__ - INFO - Learning Rate: 0.000117
2024-12-08 00:17:04,559 - __main__ - INFO - System metrics: {'cpu_percent': 9.1, 'memory_percent': 51.9, 'memory_used_gb': 24.016738891601562, 'memory_available_gb': 23.075592041015625}
2024-12-08 00:17:04,943 - utils.training_monitor - INFO - Training plots saved to logs/plots/training_plots_epoch_90_20241208_001704.png
2024-12-08 00:17:04,943 - __main__ - INFO - Epoch 90/100
2024-12-08 00:17:04,943 - __main__ - INFO - Average Loss: nan
2024-12-08 00:17:04,943 - __main__ - INFO - Epoch Time: 1.22s
2024-12-08 00:17:04,943 - __main__ - INFO - Memory Usage: 0.71 GB
2024-12-08 00:17:04,943 - __main__ - INFO - Learning Rate: 0.000097
2024-12-08 00:17:05,945 - __main__ - INFO - System metrics: {'cpu_percent': 10.2, 'memory_percent': 51.9, 'memory_used_gb': 24.023605346679688, 'memory_available_gb': 23.06805419921875}
2024-12-08 00:17:06,169 - __main__ - INFO - Epoch 91/100
2024-12-08 00:17:06,169 - __main__ - INFO - Average Loss: nan
2024-12-08 00:17:06,169 - __main__ - INFO - Epoch Time: 1.23s
2024-12-08 00:17:06,170 - __main__ - INFO - Memory Usage: 0.72 GB
2024-12-08 00:17:06,170 - __main__ - INFO - Learning Rate: 0.000078
2024-12-08 00:17:07,171 - __main__ - INFO - System metrics: {'cpu_percent': 9.5, 'memory_percent': 52.0, 'memory_used_gb': 24.053543090820312, 'memory_available_gb': 23.051605224609375}
2024-12-08 00:17:07,397 - __main__ - INFO - Epoch 92/100
2024-12-08 00:17:07,397 - __main__ - INFO - Average Loss: nan
2024-12-08 00:17:07,397 - __main__ - INFO - Epoch Time: 1.23s
2024-12-08 00:17:07,397 - __main__ - INFO - Memory Usage: 0.72 GB
2024-12-08 00:17:07,397 - __main__ - INFO - Learning Rate: 0.000062
2024-12-08 00:17:08,398 - __main__ - INFO - System metrics: {'cpu_percent': 10.3, 'memory_percent': 52.0, 'memory_used_gb': 24.060470581054688, 'memory_available_gb': 23.036727905273438}
2024-12-08 00:17:08,628 - __main__ - INFO - Epoch 93/100
2024-12-08 00:17:08,628 - __main__ - INFO - Average Loss: nan
2024-12-08 00:17:08,628 - __main__ - INFO - Epoch Time: 1.23s
2024-12-08 00:17:08,628 - __main__ - INFO - Memory Usage: 0.72 GB
2024-12-08 00:17:08,628 - __main__ - INFO - Learning Rate: 0.000047
2024-12-08 00:17:09,629 - __main__ - INFO - System metrics: {'cpu_percent': 10.1, 'memory_percent': 52.0, 'memory_used_gb': 24.060699462890625, 'memory_available_gb': 23.03729248046875}
2024-12-08 00:17:09,857 - __main__ - INFO - Epoch 94/100
2024-12-08 00:17:09,858 - __main__ - INFO - Average Loss: nan
2024-12-08 00:17:09,858 - __main__ - INFO - Epoch Time: 1.23s
2024-12-08 00:17:09,858 - __main__ - INFO - Memory Usage: 0.72 GB
2024-12-08 00:17:09,858 - __main__ - INFO - Learning Rate: 0.000035
2024-12-08 00:17:10,859 - __main__ - INFO - System metrics: {'cpu_percent': 11.8, 'memory_percent': 52.1, 'memory_used_gb': 24.11187744140625, 'memory_available_gb': 22.985214233398438}
2024-12-08 00:17:11,074 - __main__ - INFO - Epoch 95/100
2024-12-08 00:17:11,074 - __main__ - INFO - Average Loss: nan
2024-12-08 00:17:11,074 - __main__ - INFO - Epoch Time: 1.22s
2024-12-08 00:17:11,074 - __main__ - INFO - Memory Usage: 0.72 GB
2024-12-08 00:17:11,074 - __main__ - INFO - Learning Rate: 0.000024
2024-12-08 00:17:12,076 - __main__ - INFO - System metrics: {'cpu_percent': 10.2, 'memory_percent': 52.1, 'memory_used_gb': 24.131210327148438, 'memory_available_gb': 22.9752197265625}
2024-12-08 00:17:12,306 - __main__ - INFO - Epoch 96/100
2024-12-08 00:17:12,306 - __main__ - INFO - Average Loss: nan
2024-12-08 00:17:12,306 - __main__ - INFO - Epoch Time: 1.23s
2024-12-08 00:17:12,306 - __main__ - INFO - Memory Usage: 0.72 GB
2024-12-08 00:17:12,306 - __main__ - INFO - Learning Rate: 0.000015
2024-12-08 00:17:13,308 - __main__ - INFO - System metrics: {'cpu_percent': 10.4, 'memory_percent': 52.4, 'memory_used_gb': 24.232833862304688, 'memory_available_gb': 22.8704833984375}
2024-12-08 00:17:13,534 - __main__ - INFO - Epoch 97/100
2024-12-08 00:17:13,534 - __main__ - INFO - Average Loss: nan
2024-12-08 00:17:13,534 - __main__ - INFO - Epoch Time: 1.23s
2024-12-08 00:17:13,534 - __main__ - INFO - Memory Usage: 0.72 GB
2024-12-08 00:17:13,534 - __main__ - INFO - Learning Rate: 0.000008
2024-12-08 00:17:14,536 - __main__ - INFO - System metrics: {'cpu_percent': 9.7, 'memory_percent': 52.4, 'memory_used_gb': 24.251052856445312, 'memory_available_gb': 22.848175048828125}
2024-12-08 00:17:14,752 - __main__ - INFO - Epoch 98/100
2024-12-08 00:17:14,752 - __main__ - INFO - Average Loss: nan
2024-12-08 00:17:14,752 - __main__ - INFO - Epoch Time: 1.22s
2024-12-08 00:17:14,752 - __main__ - INFO - Memory Usage: 0.72 GB
2024-12-08 00:17:14,752 - __main__ - INFO - Learning Rate: 0.000004
2024-12-08 00:17:15,754 - __main__ - INFO - System metrics: {'cpu_percent': 10.5, 'memory_percent': 52.5, 'memory_used_gb': 24.27679443359375, 'memory_available_gb': 22.82366943359375}
2024-12-08 00:17:15,984 - __main__ - INFO - Epoch 99/100
2024-12-08 00:17:15,984 - __main__ - INFO - Average Loss: nan
2024-12-08 00:17:15,984 - __main__ - INFO - Epoch Time: 1.23s
2024-12-08 00:17:15,984 - __main__ - INFO - Memory Usage: 0.72 GB
2024-12-08 00:17:15,984 - __main__ - INFO - Learning Rate: 0.000001
2024-12-08 00:17:16,986 - __main__ - INFO - System metrics: {'cpu_percent': 8.1, 'memory_percent': 52.5, 'memory_used_gb': 24.272430419921875, 'memory_available_gb': 22.818679809570312}
2024-12-08 00:17:17,372 - utils.training_monitor - INFO - Training plots saved to logs/plots/training_plots_epoch_100_20241208_001717.png
2024-12-08 00:17:17,372 - __main__ - INFO - Epoch 100/100
2024-12-08 00:17:17,372 - __main__ - INFO - Average Loss: nan
2024-12-08 00:17:17,372 - __main__ - INFO - Epoch Time: 1.22s
2024-12-08 00:17:17,372 - __main__ - INFO - Memory Usage: 0.72 GB
2024-12-08 00:17:17,372 - __main__ - INFO - Learning Rate: 0.000000
2024-12-08 00:17:17,434 - __main__ - INFO - Saved checkpoint to models/checkpoints/checkpoint_epoch_100.pt
2024-12-08 00:17:17,457 - utils.training_monitor - INFO - Training history saved to logs/training_history_level_generator_20241208_001458.json
2024-12-08 00:17:17,629 - utils.training_monitor - INFO - Training plots saved to logs/plots/training_plots_epoch_100_20241208_001717.png
2024-12-08 00:17:17,629 - utils.training_monitor - INFO - Training monitor closed
2024-12-08 00:17:17,629 - __main__ - INFO - 
Training Summary:
2024-12-08 00:17:17,629 - __main__ - INFO - Total training time: 0.04 hours
2024-12-08 00:17:17,629 - __main__ - INFO - Best loss achieved: inf
2024-12-08 00:17:17,629 - __main__ - INFO - Final model saved to: models/level_generator.pt
2024-12-08 00:17:17,629 - __main__ - INFO - Training logs saved to: logs/training_20241208_001458.log
